Flow report for Risc_Multicycle_Quartus
Sun Apr 17 15:46:37 2022
Quartus Prime Version 20.1.1 Build 720 11/11/2020 SJ Lite Edition


---------------------
; Table of Contents ;
---------------------
  1. Legal Notice
  2. Flow Summary
  3. Flow Settings
  4. Flow Non-Default Global Settings
  5. Flow Elapsed Time
  6. Flow OS Summary
  7. Flow Log
  8. Flow Messages
  9. Flow Suppressed Messages



----------------
; Legal Notice ;
----------------
Copyright (C) 2020  Intel Corporation. All rights reserved.
Your use of Intel Corporation's design tools, logic functions 
and other software and tools, and any partner logic 
functions, and any output files from any of the foregoing 
(including device programming or simulation files), and any 
associated documentation or information are expressly subject 
to the terms and conditions of the Intel Program License 
Subscription Agreement, the Intel Quartus Prime License Agreement,
the Intel FPGA IP License Agreement, or other applicable license
agreement, including, without limitation, that your use is for
the sole purpose of programming logic devices manufactured by
Intel and sold by Intel or its authorized distributors.  Please
refer to the applicable agreement for further details, at
https://fpgasoftware.intel.com/eula.



+-------------------------------------------------------------------------------+
; Flow Summary                                                                  ;
+---------------------------------+---------------------------------------------+
; Flow Status                     ; Successful - Sun Apr 17 15:46:37 2022       ;
; Quartus Prime Version           ; 20.1.1 Build 720 11/11/2020 SJ Lite Edition ;
; Revision Name                   ; Risc_Multicycle_Quartus                     ;
; Top-level Entity Name           ; data_path                                   ;
; Family                          ; Cyclone V                                   ;
; Device                          ; 5CGXFC7C7F23C8                              ;
; Timing Models                   ; Final                                       ;
; Logic utilization (in ALMs)     ; 387 / 56,480 ( < 1 % )                      ;
; Total registers                 ; 544                                         ;
; Total pins                      ; 168 / 268 ( 63 % )                          ;
; Total virtual pins              ; 0                                           ;
; Total block memory bits         ; 0 / 7,024,640 ( 0 % )                       ;
; Total DSP Blocks                ; 0 / 156 ( 0 % )                             ;
; Total HSSI RX PCSs              ; 0 / 6 ( 0 % )                               ;
; Total HSSI PMA RX Deserializers ; 0 / 6 ( 0 % )                               ;
; Total HSSI TX PCSs              ; 0 / 6 ( 0 % )                               ;
; Total HSSI PMA TX Serializers   ; 0 / 6 ( 0 % )                               ;
; Total PLLs                      ; 0 / 13 ( 0 % )                              ;
; Total DLLs                      ; 0 / 4 ( 0 % )                               ;
+---------------------------------+---------------------------------------------+


+---------------------------------------------+
; Flow Settings                               ;
+-------------------+-------------------------+
; Option            ; Setting                 ;
+-------------------+-------------------------+
; Start date & time ; 04/17/2022 15:44:17     ;
; Main task         ; Compilation             ;
; Revision Name     ; Risc_Multicycle_Quartus ;
+-------------------+-------------------------+


+----------------------------------------------------------------------------------------------------------------------------------------------------------+
; Flow Non-Default Global Settings                                                                                                                         ;
+-------------------------------------+----------------------------------------+-------------------------+-------------+-----------------------------------+
; Assignment Name                     ; Value                                  ; Default Value           ; Entity Name ; Section Id                        ;
+-------------------------------------+----------------------------------------+-------------------------+-------------+-----------------------------------+
; COMPILER_SIGNATURE_ID               ; 1098875919571.165019045748272          ; --                      ; --          ; --                                ;
; EDA_GENERATE_FUNCTIONAL_NETLIST     ; Off                                    ; --                      ; --          ; eda_board_design_timing           ;
; EDA_GENERATE_FUNCTIONAL_NETLIST     ; Off                                    ; --                      ; --          ; eda_board_design_boundary_scan    ;
; EDA_GENERATE_FUNCTIONAL_NETLIST     ; Off                                    ; --                      ; --          ; eda_board_design_signal_integrity ;
; EDA_GENERATE_FUNCTIONAL_NETLIST     ; Off                                    ; --                      ; --          ; eda_board_design_symbol           ;
; EDA_OUTPUT_DATA_FORMAT              ; Vhdl                                   ; --                      ; --          ; eda_simulation                    ;
; EDA_SIMULATION_TOOL                 ; ModelSim-Altera (VHDL)                 ; <None>                  ; --          ; --                                ;
; EDA_TIME_SCALE                      ; 1 ps                                   ; --                      ; --          ; eda_simulation                    ;
; MAX_CORE_JUNCTION_TEMP              ; 85                                     ; --                      ; --          ; --                                ;
; MIN_CORE_JUNCTION_TEMP              ; 0                                      ; --                      ; --          ; --                                ;
; PARTITION_COLOR                     ; -- (Not supported for targeted family) ; --                      ; data_path   ; Top                               ;
; PARTITION_FITTER_PRESERVATION_LEVEL ; -- (Not supported for targeted family) ; --                      ; data_path   ; Top                               ;
; PARTITION_NETLIST_TYPE              ; -- (Not supported for targeted family) ; --                      ; data_path   ; Top                               ;
; POWER_BOARD_THERMAL_MODEL           ; None (CONSERVATIVE)                    ; --                      ; --          ; --                                ;
; POWER_PRESET_COOLING_SOLUTION       ; 23 MM HEAT SINK WITH 200 LFPM AIRFLOW  ; --                      ; --          ; --                                ;
; PROJECT_OUTPUT_DIRECTORY            ; output_files                           ; --                      ; --          ; --                                ;
; TOP_LEVEL_ENTITY                    ; data_path                              ; Risc_Multicycle_Quartus ; --          ; --                                ;
+-------------------------------------+----------------------------------------+-------------------------+-------------+-----------------------------------+


+--------------------------------------------------------------------------------------------------------------------------+
; Flow Elapsed Time                                                                                                        ;
+----------------------+--------------+-------------------------+---------------------+------------------------------------+
; Module Name          ; Elapsed Time ; Average Processors Used ; Peak Virtual Memory ; Total CPU Time (on all processors) ;
+----------------------+--------------+-------------------------+---------------------+------------------------------------+
; Analysis & Synthesis ; 00:00:15     ; 1.0                     ; 4861 MB             ; 00:00:36                           ;
; Fitter               ; 00:01:34     ; 1.1                     ; 6727 MB             ; 00:03:16                           ;
; Assembler            ; 00:00:10     ; 1.0                     ; 4836 MB             ; 00:00:10                           ;
; Timing Analyzer      ; 00:00:14     ; 1.5                     ; 5212 MB             ; 00:00:18                           ;
; EDA Netlist Writer   ; 00:00:02     ; 1.0                     ; 4733 MB             ; 00:00:02                           ;
; Total                ; 00:02:15     ; --                      ; --                  ; 00:04:22                           ;
+----------------------+--------------+-------------------------+---------------------+------------------------------------+


+------------------------------------------------------------------------------------+
; Flow OS Summary                                                                    ;
+----------------------+------------------+------------+------------+----------------+
; Module Name          ; Machine Hostname ; OS Name    ; OS Version ; Processor type ;
+----------------------+------------------+------------+------------+----------------+
; Analysis & Synthesis ; LAPTOP-SV4K3MBU  ; Windows 10 ; 10.0       ; x86_64         ;
; Fitter               ; LAPTOP-SV4K3MBU  ; Windows 10 ; 10.0       ; x86_64         ;
; Assembler            ; LAPTOP-SV4K3MBU  ; Windows 10 ; 10.0       ; x86_64         ;
; Timing Analyzer      ; LAPTOP-SV4K3MBU  ; Windows 10 ; 10.0       ; x86_64         ;
; EDA Netlist Writer   ; LAPTOP-SV4K3MBU  ; Windows 10 ; 10.0       ; x86_64         ;
+----------------------+------------------+------------+------------+----------------+


------------
; Flow Log ;
------------
quartus_map --read_settings_files=on --write_settings_files=off Risc_Multicycle_Quartus -c Risc_Multicycle_Quartus
quartus_fit --read_settings_files=off --write_settings_files=off Risc_Multicycle_Quartus -c Risc_Multicycle_Quartus
quartus_asm --read_settings_files=off --write_settings_files=off Risc_Multicycle_Quartus -c Risc_Multicycle_Quartus
quartus_sta Risc_Multicycle_Quartus -c Risc_Multicycle_Quartus
quartus_eda --read_settings_files=off --write_settings_files=off Risc_Multicycle_Quartus -c Risc_Multicycle_Quartus



